<?xml version="1.0" ?>
<coverage version="7.4.4" timestamp="1713388243603" lines-valid="360" lines-covered="320" line-rate="0.8889" branches-valid="100" branches-covered="90" branch-rate="0.9" complexity="0">
	<!-- Generated by coverage.py: https://coverage.readthedocs.io/en/7.4.4 -->
	<!-- Based on https://raw.githubusercontent.com/cobertura/web/master/htdocs/xml/coverage-04.dtd -->
	<sources>
		<source>c:\users\davidmaba\pycharmprojects\g88.2024.t01.eg3\src\main\python</source>
	</sources>
	<packages>
		<package name="." line-rate="1" branch-rate="1" complexity="0">
			<classes>
				<class name="__init__.py" filename="__init__.py" complexity="0" line-rate="1" branch-rate="1">
					<methods/>
					<lines/>
				</class>
			</classes>
		</package>
		<package name="uc3m_travel" line-rate="0.8658" branch-rate="0.8816" complexity="0">
			<classes>
				<class name="__init__.py" filename="uc3m_travel/__init__.py" complexity="0" line-rate="1" branch-rate="1">
					<methods/>
					<lines>
						<line number="2" hits="1"/>
						<line number="3" hits="1"/>
						<line number="4" hits="1"/>
						<line number="5" hits="1"/>
					</lines>
				</class>
				<class name="hotel_management_config.py" filename="uc3m_travel/hotel_management_config.py" complexity="0" line-rate="1" branch-rate="1">
					<methods/>
					<lines>
						<line number="2" hits="1"/>
						<line number="3" hits="1"/>
						<line number="4" hits="1"/>
					</lines>
				</class>
				<class name="hotel_management_exception.py" filename="uc3m_travel/hotel_management_exception.py" complexity="0" line-rate="0.9" branch-rate="1">
					<methods/>
					<lines>
						<line number="2" hits="1"/>
						<line number="4" hits="1"/>
						<line number="5" hits="1"/>
						<line number="6" hits="1"/>
						<line number="8" hits="1"/>
						<line number="9" hits="1" branch="true" condition-coverage="100% (2/2)"/>
						<line number="11" hits="1"/>
						<line number="13" hits="1"/>
						<line number="14" hits="1" branch="true" condition-coverage="100% (2/2)"/>
						<line number="16" hits="0"/>
					</lines>
				</class>
				<class name="hotel_manager.py" filename="uc3m_travel/hotel_manager.py" complexity="0" line-rate="0.8582" branch-rate="0.8043">
					<methods/>
					<lines>
						<line number="2" hits="1"/>
						<line number="3" hits="1"/>
						<line number="4" hits="1"/>
						<line number="5" hits="1"/>
						<line number="7" hits="1"/>
						<line number="8" hits="1"/>
						<line number="9" hits="1"/>
						<line number="10" hits="1"/>
						<line number="11" hits="1"/>
						<line number="12" hits="1"/>
						<line number="13" hits="1"/>
						<line number="14" hits="1"/>
						<line number="15" hits="1"/>
						<line number="16" hits="1"/>
						<line number="19" hits="1"/>
						<line number="21" hits="1"/>
						<line number="22" hits="1"/>
						<line number="24" hits="1"/>
						<line number="26" hits="1"/>
						<line number="27" hits="1"/>
						<line number="28" hits="1"/>
						<line number="29" hits="1"/>
						<line number="30" hits="1" branch="true" condition-coverage="100% (2/2)"/>
						<line number="31" hits="1"/>
						<line number="32" hits="1"/>
						<line number="35" hits="1"/>
						<line number="37" hits="0"/>
						<line number="38" hits="0" branch="true" condition-coverage="0% (0/2)" missing-branches="39,44"/>
						<line number="39" hits="0"/>
						<line number="40" hits="0" branch="true" condition-coverage="0% (0/2)" missing-branches="41,42"/>
						<line number="41" hits="0"/>
						<line number="42" hits="0"/>
						<line number="43" hits="0"/>
						<line number="44" hits="0"/>
						<line number="45" hits="0"/>
						<line number="46" hits="0"/>
						<line number="47" hits="0"/>
						<line number="54" hits="0"/>
						<line number="55" hits="0"/>
						<line number="59" hits="0"/>
						<line number="62" hits="1"/>
						<line number="73" hits="1"/>
						<line number="74" hits="1"/>
						<line number="75" hits="1"/>
						<line number="76" hits="1"/>
						<line number="77" hits="1"/>
						<line number="85" hits="1"/>
						<line number="87" hits="1"/>
						<line number="89" hits="1"/>
						<line number="91" hits="1"/>
						<line number="92" hits="1"/>
						<line number="93" hits="1" branch="true" condition-coverage="100% (2/2)"/>
						<line number="94" hits="1"/>
						<line number="95" hits="0"/>
						<line number="96" hits="0"/>
						<line number="98" hits="1"/>
						<line number="100" hits="1"/>
						<line number="103" hits="1"/>
						<line number="104" hits="1"/>
						<line number="105" hits="1"/>
						<line number="106" hits="1"/>
						<line number="107" hits="1"/>
						<line number="110" hits="1"/>
						<line number="111" hits="1"/>
						<line number="114" hits="1"/>
						<line number="115" hits="1"/>
						<line number="118" hits="1"/>
						<line number="119" hits="1" branch="true" condition-coverage="100% (2/2)"/>
						<line number="120" hits="1" branch="true" condition-coverage="100% (2/2)"/>
						<line number="121" hits="1"/>
						<line number="122" hits="1"/>
						<line number="123" hits="1"/>
						<line number="124" hits="1"/>
						<line number="125" hits="1"/>
						<line number="126" hits="1"/>
						<line number="127" hits="1"/>
						<line number="128" hits="1"/>
						<line number="129" hits="1"/>
						<line number="131" hits="1" branch="true" condition-coverage="100% (2/2)"/>
						<line number="132" hits="1"/>
						<line number="133" hits="1" branch="true" condition-coverage="100% (2/2)"/>
						<line number="134" hits="1"/>
						<line number="137" hits="1"/>
						<line number="139" hits="1" branch="true" condition-coverage="100% (2/2)"/>
						<line number="140" hits="1"/>
						<line number="147" hits="1" branch="true" condition-coverage="100% (2/2)"/>
						<line number="148" hits="1"/>
						<line number="151" hits="1"/>
						<line number="152" hits="1"/>
						<line number="153" hits="1" branch="true" condition-coverage="100% (2/2)"/>
						<line number="154" hits="1"/>
						<line number="157" hits="1"/>
						<line number="162" hits="1"/>
						<line number="164" hits="1"/>
						<line number="167" hits="1" branch="true" condition-coverage="50% (1/2)" missing-branches="168"/>
						<line number="168" hits="0" branch="true" condition-coverage="0% (0/2)" missing-branches="167,169"/>
						<line number="169" hits="0"/>
						<line number="172" hits="1"/>
						<line number="174" hits="1"/>
						<line number="176" hits="1"/>
						<line number="178" hits="1"/>
						<line number="181" hits="1"/>
						<line number="182" hits="1" branch="true" condition-coverage="100% (2/2)"/>
						<line number="183" hits="1"/>
						<line number="184" hits="1" branch="true" condition-coverage="100% (2/2)"/>
						<line number="185" hits="1"/>
						<line number="186" hits="1"/>
						<line number="187" hits="1"/>
						<line number="188" hits="1"/>
						<line number="190" hits="1"/>
						<line number="192" hits="1"/>
						<line number="193" hits="1" branch="true" condition-coverage="100% (2/2)"/>
						<line number="194" hits="1"/>
						<line number="195" hits="1" branch="true" condition-coverage="50% (1/2)" missing-branches="197"/>
						<line number="196" hits="1"/>
						<line number="197" hits="0"/>
						<line number="198" hits="0"/>
						<line number="199" hits="1"/>
						<line number="202" hits="1"/>
						<line number="204" hits="1"/>
						<line number="207" hits="1"/>
						<line number="208" hits="1"/>
						<line number="211" hits="1"/>
						<line number="212" hits="1" branch="true" condition-coverage="100% (2/2)"/>
						<line number="213" hits="1" branch="true" condition-coverage="100% (2/2)"/>
						<line number="214" hits="1"/>
						<line number="215" hits="1"/>
						<line number="216" hits="1" branch="true" condition-coverage="100% (2/2)"/>
						<line number="217" hits="1"/>
						<line number="219" hits="1"/>
						<line number="220" hits="1" branch="true" condition-coverage="100% (2/2)"/>
						<line number="221" hits="1"/>
						<line number="224" hits="1"/>
						<line number="225" hits="1"/>
						<line number="227" hits="1" branch="true" condition-coverage="100% (2/2)"/>
						<line number="228" hits="1" branch="true" condition-coverage="50% (1/2)" missing-branches="227"/>
						<line number="229" hits="1"/>
						<line number="231" hits="1"/>
						<line number="233" hits="1"/>
						<line number="235" hits="1"/>
						<line number="237" hits="1"/>
					</lines>
				</class>
				<class name="hotel_reservation.py" filename="uc3m_travel/hotel_reservation.py" complexity="0" line-rate="0.9143" branch-rate="1">
					<methods/>
					<lines>
						<line number="2" hits="1"/>
						<line number="3" hits="1"/>
						<line number="4" hits="1"/>
						<line number="5" hits="1"/>
						<line number="6" hits="1"/>
						<line number="9" hits="1"/>
						<line number="12" hits="1"/>
						<line number="21" hits="1"/>
						<line number="22" hits="1"/>
						<line number="23" hits="1"/>
						<line number="24" hits="1"/>
						<line number="25" hits="1"/>
						<line number="26" hits="1"/>
						<line number="27" hits="1"/>
						<line number="28" hits="1"/>
						<line number="29" hits="1"/>
						<line number="30" hits="1"/>
						<line number="32" hits="1"/>
						<line number="35" hits="1"/>
						<line number="44" hits="1"/>
						<line number="45" hits="1"/>
						<line number="46" hits="1" branch="true" condition-coverage="100% (2/2)"/>
						<line number="48" hits="0"/>
						<line number="49" hits="1"/>
						<line number="50" hits="1" branch="true" condition-coverage="100% (2/2)"/>
						<line number="51" hits="0"/>
						<line number="53" hits="1"/>
						<line number="54" hits="1" branch="true" condition-coverage="100% (2/2)"/>
						<line number="56" hits="1"/>
						<line number="57" hits="1"/>
						<line number="58" hits="1" branch="true" condition-coverage="100% (2/2)"/>
						<line number="59" hits="0"/>
						<line number="62" hits="1"/>
						<line number="63" hits="1" branch="true" condition-coverage="100% (2/2)"/>
						<line number="65" hits="1"/>
					</lines>
				</class>
				<class name="hotel_stay.py" filename="uc3m_travel/hotel_stay.py" complexity="0" line-rate="0.8158" branch-rate="1">
					<methods/>
					<lines>
						<line number="2" hits="1"/>
						<line number="3" hits="1"/>
						<line number="5" hits="1"/>
						<line number="7" hits="1"/>
						<line number="13" hits="1"/>
						<line number="14" hits="1"/>
						<line number="15" hits="1"/>
						<line number="16" hits="1"/>
						<line number="17" hits="1"/>
						<line number="18" hits="1"/>
						<line number="21" hits="1"/>
						<line number="22" hits="1"/>
						<line number="24" hits="1"/>
						<line number="26" hits="1"/>
						<line number="30" hits="1"/>
						<line number="31" hits="1" branch="true" condition-coverage="100% (2/2)"/>
						<line number="33" hits="0"/>
						<line number="35" hits="1"/>
						<line number="36" hits="1" branch="true" condition-coverage="100% (2/2)"/>
						<line number="37" hits="0"/>
						<line number="39" hits="1"/>
						<line number="40" hits="1" branch="true" condition-coverage="100% (2/2)"/>
						<line number="42" hits="0"/>
						<line number="44" hits="1"/>
						<line number="45" hits="1" branch="true" condition-coverage="100% (2/2)"/>
						<line number="46" hits="0"/>
						<line number="48" hits="1"/>
						<line number="49" hits="1" branch="true" condition-coverage="100% (2/2)"/>
						<line number="51" hits="0"/>
						<line number="53" hits="1"/>
						<line number="54" hits="1" branch="true" condition-coverage="100% (2/2)"/>
						<line number="56" hits="1"/>
						<line number="58" hits="1"/>
						<line number="59" hits="1" branch="true" condition-coverage="100% (2/2)"/>
						<line number="61" hits="0"/>
						<line number="63" hits="1"/>
						<line number="64" hits="1" branch="true" condition-coverage="100% (2/2)"/>
						<line number="66" hits="0"/>
					</lines>
				</class>
			</classes>
		</package>
		<package name="uc3m_travel.attributes" line-rate="0.9468" branch-rate="1" complexity="0">
			<classes>
				<class name="__init__.py" filename="uc3m_travel/attributes/__init__.py" complexity="0" line-rate="1" branch-rate="1">
					<methods/>
					<lines/>
				</class>
				<class name="attribute.py" filename="uc3m_travel/attributes/attribute.py" complexity="0" line-rate="0.7619" branch-rate="1">
					<methods/>
					<lines>
						<line number="1" hits="1"/>
						<line number="2" hits="1"/>
						<line number="3" hits="1"/>
						<line number="5" hits="1"/>
						<line number="6" hits="0"/>
						<line number="7" hits="0"/>
						<line number="8" hits="0"/>
						<line number="10" hits="1"/>
						<line number="12" hits="1"/>
						<line number="13" hits="1"/>
						<line number="14" hits="1" branch="true" condition-coverage="100% (2/2)"/>
						<line number="15" hits="1"/>
						<line number="16" hits="1"/>
						<line number="18" hits="1"/>
						<line number="19" hits="1" branch="true" condition-coverage="100% (2/2)"/>
						<line number="21" hits="0"/>
						<line number="23" hits="1"/>
						<line number="24" hits="1" branch="true" condition-coverage="100% (2/2)"/>
						<line number="25" hits="0"/>
						<line number="27" hits="1"/>
						<line number="29" hits="1"/>
					</lines>
				</class>
				<class name="attribute_arrivaldate.py" filename="uc3m_travel/attributes/attribute_arrivaldate.py" complexity="0" line-rate="1" branch-rate="1">
					<methods/>
					<lines>
						<line number="1" hits="1"/>
						<line number="3" hits="1"/>
						<line number="4" hits="1"/>
						<line number="5" hits="1"/>
						<line number="6" hits="1"/>
						<line number="7" hits="1"/>
					</lines>
				</class>
				<class name="attribute_credit_card.py" filename="uc3m_travel/attributes/attribute_credit_card.py" complexity="0" line-rate="1" branch-rate="1">
					<methods/>
					<lines>
						<line number="1" hits="1"/>
						<line number="2" hits="1"/>
						<line number="4" hits="1"/>
						<line number="5" hits="1"/>
						<line number="6" hits="1"/>
						<line number="7" hits="1"/>
						<line number="8" hits="1"/>
						<line number="10" hits="1"/>
						<line number="11" hits="1"/>
						<line number="12" hits="1"/>
						<line number="13" hits="1"/>
						<line number="14" hits="1"/>
						<line number="15" hits="1"/>
						<line number="16" hits="1"/>
						<line number="17" hits="1"/>
						<line number="18" hits="1"/>
						<line number="19" hits="1" branch="true" condition-coverage="100% (2/2)"/>
						<line number="20" hits="1"/>
						<line number="21" hits="1" branch="true" condition-coverage="100% (2/2)"/>
						<line number="22" hits="1"/>
						<line number="24" hits="1"/>
					</lines>
				</class>
				<class name="attribute_id_card.py" filename="uc3m_travel/attributes/attribute_id_card.py" complexity="0" line-rate="1" branch-rate="1">
					<methods/>
					<lines>
						<line number="1" hits="1"/>
						<line number="2" hits="1"/>
						<line number="4" hits="1"/>
						<line number="5" hits="1"/>
						<line number="6" hits="1"/>
						<line number="7" hits="1"/>
						<line number="8" hits="1"/>
						<line number="10" hits="1"/>
						<line number="11" hits="1"/>
						<line number="12" hits="1"/>
						<line number="16" hits="1"/>
						<line number="17" hits="1"/>
						<line number="18" hits="1" branch="true" condition-coverage="100% (2/2)"/>
						<line number="19" hits="1"/>
						<line number="20" hits="1"/>
						<line number="22" hits="1"/>
					</lines>
				</class>
				<class name="attribute_localizer.py" filename="uc3m_travel/attributes/attribute_localizer.py" complexity="0" line-rate="1" branch-rate="1">
					<methods/>
					<lines>
						<line number="1" hits="1"/>
						<line number="3" hits="1"/>
						<line number="4" hits="1"/>
						<line number="5" hits="1"/>
						<line number="6" hits="1"/>
						<line number="7" hits="1"/>
					</lines>
				</class>
				<class name="attribute_name_surname.py" filename="uc3m_travel/attributes/attribute_name_surname.py" complexity="0" line-rate="1" branch-rate="1">
					<methods/>
					<lines>
						<line number="1" hits="1"/>
						<line number="3" hits="1"/>
						<line number="4" hits="1"/>
						<line number="5" hits="1"/>
						<line number="6" hits="1"/>
						<line number="7" hits="1"/>
					</lines>
				</class>
				<class name="attribute_phone_number.py" filename="uc3m_travel/attributes/attribute_phone_number.py" complexity="0" line-rate="1" branch-rate="1">
					<methods/>
					<lines>
						<line number="1" hits="1"/>
						<line number="3" hits="1"/>
						<line number="4" hits="1"/>
						<line number="5" hits="1"/>
						<line number="6" hits="1"/>
						<line number="7" hits="1"/>
					</lines>
				</class>
				<class name="attribute_room_key.py" filename="uc3m_travel/attributes/attribute_room_key.py" complexity="0" line-rate="1" branch-rate="1">
					<methods/>
					<lines>
						<line number="2" hits="1"/>
						<line number="4" hits="1"/>
						<line number="5" hits="1"/>
						<line number="6" hits="1"/>
						<line number="7" hits="1"/>
						<line number="8" hits="1"/>
					</lines>
				</class>
				<class name="attribute_room_type.py" filename="uc3m_travel/attributes/attribute_room_type.py" complexity="0" line-rate="1" branch-rate="1">
					<methods/>
					<lines>
						<line number="1" hits="1"/>
						<line number="3" hits="1"/>
						<line number="4" hits="1"/>
						<line number="5" hits="1"/>
						<line number="6" hits="1"/>
						<line number="7" hits="1"/>
					</lines>
				</class>
			</classes>
		</package>
		<package name="uc3m_travel.storage" line-rate="0.8857" branch-rate="0.9167" complexity="0">
			<classes>
				<class name="__init__.py" filename="uc3m_travel/storage/__init__.py" complexity="0" line-rate="1" branch-rate="1">
					<methods/>
					<lines/>
				</class>
				<class name="checkout_json_store.py" filename="uc3m_travel/storage/checkout_json_store.py" complexity="0" line-rate="1" branch-rate="1">
					<methods/>
					<lines/>
				</class>
				<class name="json_store.py" filename="uc3m_travel/storage/json_store.py" complexity="0" line-rate="0.8" branch-rate="0.8333">
					<methods/>
					<lines>
						<line number="1" hits="1"/>
						<line number="2" hits="1"/>
						<line number="5" hits="1"/>
						<line number="6" hits="1"/>
						<line number="7" hits="1"/>
						<line number="10" hits="1"/>
						<line number="12" hits="1"/>
						<line number="13" hits="1" branch="true" condition-coverage="100% (2/2)"/>
						<line number="14" hits="1"/>
						<line number="15" hits="1" branch="true" condition-coverage="50% (1/2)" missing-branches="17"/>
						<line number="16" hits="1"/>
						<line number="17" hits="0"/>
						<line number="18" hits="0"/>
						<line number="19" hits="1"/>
						<line number="21" hits="1"/>
						<line number="22" hits="1"/>
						<line number="23" hits="1" branch="true" condition-coverage="100% (2/2)"/>
						<line number="24" hits="1"/>
						<line number="25" hits="0"/>
						<line number="26" hits="0"/>
					</lines>
				</class>
				<class name="reservation_json_store.py" filename="uc3m_travel/storage/reservation_json_store.py" complexity="0" line-rate="1" branch-rate="1">
					<methods/>
					<lines>
						<line number="1" hits="1"/>
						<line number="2" hits="1"/>
						<line number="3" hits="1"/>
						<line number="6" hits="1"/>
						<line number="9" hits="1"/>
						<line number="11" hits="1"/>
						<line number="12" hits="1"/>
						<line number="13" hits="1"/>
						<line number="15" hits="1" branch="true" condition-coverage="100% (2/2)"/>
						<line number="16" hits="1" branch="true" condition-coverage="100% (2/2)"/>
						<line number="17" hits="1"/>
						<line number="18" hits="1" branch="true" condition-coverage="100% (2/2)"/>
						<line number="19" hits="1"/>
						<line number="21" hits="1"/>
						<line number="23" hits="1"/>
					</lines>
				</class>
				<class name="stay_json_store.py" filename="uc3m_travel/storage/stay_json_store.py" complexity="0" line-rate="1" branch-rate="1">
					<methods/>
					<lines/>
				</class>
			</classes>
		</package>
	</packages>
</coverage>
