<?xml version="1.0" encoding="UTF-8"?>
<testsuite name="test_room_reservation_tests.TestHotelReservation-20240411175915" tests="3" file="test_room_reservation_tests.py" time="0.024" timestamp="2024-04-11T17:59:16" failures="0" errors="1" skipped="0">
	<testcase classname="test_room_reservation_tests.TestHotelReservation" name="test_duplicated_id_reservation_tests" time="0.009" timestamp="2024-04-11T17:59:16"/>
	<testcase classname="test_room_reservation_tests.TestHotelReservation" name="test_duplicated_reservation_tests" time="0.009" timestamp="2024-04-11T17:59:16"/>
	<testcase classname="test_room_reservation_tests.TestHotelReservation" name="test_parametrized_cases_tests" time="0.006" timestamp="2024-04-11T17:59:16">
		<error type="FileNotFoundError" message="[Errno 2] No such file or directory: 'c:\\users\\davidmaba\\pycharmprojects\\g88.2024.t01.eg3\\src\\main\\python\\uc3m_travel\\../../../unittest/JSONFiles/GE2_TestCasesTemplate_2024_F1.csv'"><![CDATA[Traceback (most recent call last):
  File "C:\Users\Davidmaba\AppData\Local\Programs\Python\Python312\Lib\unittest\case.py", line 58, in testPartExecutor
    yield
  File "C:\Users\Davidmaba\AppData\Local\Programs\Python\Python312\Lib\unittest\case.py", line 634, in run
    self._callTestMethod(testMethod)
    ^^^^^^^^^^^^^^^^^
  File "C:\Users\Davidmaba\AppData\Local\Programs\Python\Python312\Lib\unittest\case.py", line 589, in _callTestMethod
    if method() is not None:
    ^^^^^^^^^^^^^^^^^
  File "C:\Users\Davidmaba\PycharmProjects\G88.2024.T01.EG3\.venv\Lib\site-packages\freezegun\api.py", line 827, in wrapper
    result = func(*args, **kwargs)
    ^^^^^^^^^^^^^^^^^
  File "c:\users\davidmaba\pycharmprojects\g88.2024.t01.eg3\src\unittest\python\test_room_reservation_tests.py", line 144, in test_parametrized_cases_tests
    with open(my_cases, newline='', encoding='utf-8') as csvfile:
    ^^^^^^^^^^^^^^^^^
FileNotFoundError: [Errno 2] No such file or directory: 'c:\\users\\davidmaba\\pycharmprojects\\g88.2024.t01.eg3\\src\\main\\python\\uc3m_travel\\../../../unittest/JSONFiles/GE2_TestCasesTemplate_2024_F1.csv'
]]></error>
	</testcase>
</testsuite>
